<?xml version="1.0" encoding="UTF-8"?>
<!-- Generated by org.testng.reporters.JUnitXMLReporter -->
<testsuite hostname="ADMIN" ignored="0" name="Test" tests="2" failures="1" timestamp="01 Jul 2020 04:24:48 GMT" time="36.133" errors="0">
  <testcase name="validateLoginTest" time="4.334" classname="regression.testscripts.ValidateLogin2"/>
  <testcase name="validateLoginTest" time="3.392" classname="regression.testscripts.ValidateLogin2">
    <failure type="java.lang.AssertionError" message="expected [true] but found [false]">
      <![CDATA[java.lang.AssertionError: expected [true] but found [false]
at regression.testscripts.ValidateLogin2.validateLoginTest(ValidateLogin2.java:52)
... Removed 29 stack frames]]>
    </failure>
  </testcase> <!-- validateLoginTest -->
</testsuite> <!-- Test -->
